Flow report for Example_4_Video_In
Thu Nov 07 16:28:30 2024
Quartus Prime Version 17.0.0 Build 595 04/25/2017 SJ Lite Edition


---------------------
; Table of Contents ;
---------------------
  1. Legal Notice
  2. Flow Summary
  3. Flow Settings
  4. Flow Non-Default Global Settings
  5. Flow Elapsed Time
  6. Flow OS Summary
  7. Flow Log
  8. Flow Messages
  9. Flow Suppressed Messages



----------------
; Legal Notice ;
----------------
Copyright (C) 2017  Intel Corporation. All rights reserved.
Your use of Intel Corporation's design tools, logic functions 
and other software and tools, and its AMPP partner logic 
functions, and any output files from any of the foregoing 
(including device programming or simulation files), and any 
associated documentation or information are expressly subject 
to the terms and conditions of the Intel Program License 
Subscription Agreement, the Intel Quartus Prime License Agreement,
the Intel MegaCore Function License Agreement, or other 
applicable license agreement, including, without limitation, 
that your use is for the sole purpose of programming logic 
devices manufactured by Intel and sold by Intel or its 
authorized distributors.  Please refer to the applicable 
agreement for further details.



+----------------------------------------------------------------------------------+
; Flow Summary                                                                     ;
+------------------------------------+---------------------------------------------+
; Flow Status                        ; Successful - Thu Nov 07 16:28:25 2024       ;
; Quartus Prime Version              ; 17.0.0 Build 595 04/25/2017 SJ Lite Edition ;
; Revision Name                      ; Example_4_Video_In                          ;
; Top-level Entity Name              ; Example_4_Video_In                          ;
; Family                             ; Cyclone IV E                                ;
; Device                             ; EP4CE115F29C7                               ;
; Timing Models                      ; Final                                       ;
; Total logic elements               ; 3,085 / 114,480 ( 3 % )                     ;
;     Total combinational functions  ; 2,920 / 114,480 ( 3 % )                     ;
;     Dedicated logic registers      ; 1,682 / 114,480 ( 1 % )                     ;
; Total registers                    ; 1766                                        ;
; Total pins                         ; 89 / 529 ( 17 % )                           ;
; Total virtual pins                 ; 0                                           ;
; Total memory bits                  ; 159,488 / 3,981,312 ( 4 % )                 ;
; Embedded Multiplier 9-bit elements ; 0 / 532 ( 0 % )                             ;
; Total PLLs                         ; 1 / 4 ( 25 % )                              ;
+------------------------------------+---------------------------------------------+


+-----------------------------------------+
; Flow Settings                           ;
+-------------------+---------------------+
; Option            ; Setting             ;
+-------------------+---------------------+
; Start date & time ; 11/07/2024 16:27:11 ;
; Main task         ; Compilation         ;
; Revision Name     ; Example_4_Video_In  ;
+-------------------+---------------------+


+------------------------------------------------------------------------------------------------------------------------------------------------------+
; Flow Non-Default Global Settings                                                                                                                     ;
+-------------------------------------+----------------------------------------------------------------+---------------+--------------+----------------+
; Assignment Name                     ; Value                                                          ; Default Value ; Entity Name  ; Section Id     ;
+-------------------------------------+----------------------------------------------------------------+---------------+--------------+----------------+
; COMPILER_SIGNATURE_ID               ; 275469849989629.173097703026868                                ; --            ; --           ; --             ;
; MAX_CORE_JUNCTION_TEMP              ; 85                                                             ; --            ; --           ; --             ;
; MIN_CORE_JUNCTION_TEMP              ; 0                                                              ; --            ; --           ; --             ;
; MISC_FILE                           ; Video_System/synthesis/../Video_System.cmp                     ; --            ; --           ; --             ;
; MISC_FILE                           ; Video_System/synthesis/../../Video_System.qsys                 ; --            ; --           ; --             ;
; PARTITION_COLOR                     ; -- (Not supported for targeted family)                         ; --            ; --           ; Top            ;
; PARTITION_FITTER_PRESERVATION_LEVEL ; -- (Not supported for targeted family)                         ; --            ; --           ; Top            ;
; PARTITION_NETLIST_TYPE              ; -- (Not supported for targeted family)                         ; --            ; --           ; Top            ;
; POWER_BOARD_THERMAL_MODEL           ; None (CONSERVATIVE)                                            ; --            ; --           ; --             ;
; POWER_PRESET_COOLING_SOLUTION       ; 23 MM HEAT SINK WITH 200 LFPM AIRFLOW                          ; --            ; --           ; --             ;
; SLD_FILE                            ; Video_System/synthesis/Video_System.debuginfo                  ; --            ; --           ; --             ;
; SLD_INFO                            ; QSYS_NAME Video_System HAS_SOPCINFO 1 GENERATION_ID 1724825828 ; --            ; Video_System ; --             ;
; SOPCINFO_FILE                       ; Video_System/synthesis/../../Video_System.sopcinfo             ; --            ; --           ; --             ;
; SYNTHESIS_ONLY_QIP                  ; On                                                             ; --            ; --           ; --             ;
; USE_GENERATED_PHYSICAL_CONSTRAINTS  ; Off                                                            ; --            ; --           ; eda_blast_fpga ;
+-------------------------------------+----------------------------------------------------------------+---------------+--------------+----------------+


+-------------------------------------------------------------------------------------------------------------------------------+
; Flow Elapsed Time                                                                                                             ;
+---------------------------+--------------+-------------------------+---------------------+------------------------------------+
; Module Name               ; Elapsed Time ; Average Processors Used ; Peak Virtual Memory ; Total CPU Time (on all processors) ;
+---------------------------+--------------+-------------------------+---------------------+------------------------------------+
; Analysis & Synthesis      ; 00:00:39     ; 1.0                     ; 4991 MB             ; 00:00:25                           ;
; Fitter                    ; 00:00:23     ; 1.1                     ; 6376 MB             ; 00:00:17                           ;
; Assembler                 ; 00:00:05     ; 1.0                     ; 4704 MB             ; 00:00:03                           ;
; TimeQuest Timing Analyzer ; 00:00:04     ; 1.4                     ; 4983 MB             ; 00:00:02                           ;
; Total                     ; 00:01:11     ; --                      ; --                  ; 00:00:47                           ;
+---------------------------+--------------+-------------------------+---------------------+------------------------------------+


+-----------------------------------------------------------------------------------------+
; Flow OS Summary                                                                         ;
+---------------------------+------------------+------------+------------+----------------+
; Module Name               ; Machine Hostname ; OS Name    ; OS Version ; Processor type ;
+---------------------------+------------------+------------+------------+----------------+
; Analysis & Synthesis      ; VishalPranao     ; Windows 10 ; 10.0       ; x86_64         ;
; Fitter                    ; VishalPranao     ; Windows 10 ; 10.0       ; x86_64         ;
; Assembler                 ; VishalPranao     ; Windows 10 ; 10.0       ; x86_64         ;
; TimeQuest Timing Analyzer ; VishalPranao     ; Windows 10 ; 10.0       ; x86_64         ;
+---------------------------+------------------+------------+------------+----------------+


------------
; Flow Log ;
------------
quartus_map --read_settings_files=on --write_settings_files=off Example_4_Video_In -c Example_4_Video_In
quartus_fit --read_settings_files=off --write_settings_files=off Example_4_Video_In -c Example_4_Video_In
quartus_asm --read_settings_files=off --write_settings_files=off Example_4_Video_In -c Example_4_Video_In
quartus_sta Example_4_Video_In -c Example_4_Video_In



